<?xml version="1.0" encoding="utf-8" standalone="no"?>
<!--This file represents the results of running a test suite-->
<test-results name="C:\Code\Bookmarks\Bookmarks.UnitTests\bin\Debug\Bookmarks.UnitTests.dll" total="5" errors="0" failures="0" not-run="0" inconclusive="0" ignored="0" skipped="0" invalid="0" date="2010-12-29" time="12:38:42">
  <environment nunit-version="2.5.9.10320" clr-version="2.0.50727.4952" os-version="Microsoft Windows NT 6.1.7600.0" platform="Win32NT" cwd="C:\Program Files (x86)\NUnit 2.5.9\bin\net-2.0" machine-name="MARIBEL" user="Scott" user-domain="Maribel" />
  <culture-info current-culture="en-US" current-uiculture="en-US" />
  <test-suite type="Assembly" name="C:\Code\Bookmarks\Bookmarks.UnitTests\bin\Debug\Bookmarks.UnitTests.dll" executed="True" result="Success" success="True" time="0.207" asserts="0">
    <results>
      <test-suite type="Namespace" name="Bookmarks" executed="True" result="Success" success="True" time="0.207" asserts="0">
        <results>
          <test-suite type="Namespace" name="UnitTests" executed="True" result="Success" success="True" time="0.207" asserts="0">
            <results>
              <test-suite type="TestFixture" name="BookmarkBrowsing" executed="True" result="Success" success="True" time="0.024" asserts="0">
                <results>
                  <test-case name="Bookmarks.UnitTests.BookmarkBrowsing.Can_View_A_Single_Page_Of_Bookmarks" executed="True" result="Success" success="True" time="0.006" asserts="3" />
                  <test-case name="Bookmarks.UnitTests.BookmarkBrowsing.Can_View_Bookmarks_From_A_Single_Tag" executed="True" result="Success" success="True" time="0.000" asserts="0" />
                  <test-case name="Bookmarks.UnitTests.BookmarkBrowsing.Can_View_Bookmarks_From_A_Single_User" executed="True" result="Success" success="True" time="0.001" asserts="0" />
                </results>
              </test-suite>
              <test-suite type="TestFixture" name="DisplayingPageLinks" executed="True" result="Success" success="True" time="0.178" asserts="0">
                <results>
                  <test-case name="Bookmarks.UnitTests.DisplayingPageLinks.Bookmark_Lists_Include_Correct_Page_Numbers" executed="True" result="Success" success="True" time="0.006" asserts="4" />
                  <test-case name="Bookmarks.UnitTests.DisplayingPageLinks.Can_Generate_Links_To_Other_Pages" executed="True" result="Success" success="True" time="0.134" asserts="1" />
                </results>
              </test-suite>
            </results>
          </test-suite>
        </results>
      </test-suite>
    </results>
  </test-suite>
</test-results>